<?xml version="1.0" encoding="UTF-8"?>
<testng-results ignored="0" total="1" passed="1" failed="0" skipped="0">
  <reporter-output>
  </reporter-output>
  <suite started-at="2025-08-29T00:21:56 IST" name="Default suite" finished-at="2025-08-29T00:22:10 IST" duration-ms="14366">
    <groups>
    </groups>
    <test started-at="2025-08-29T00:21:56 IST" name="Default test" finished-at="2025-08-29T00:22:10 IST" duration-ms="14366">
      <class name="Selenium_Basics.Project1">
        <test-method signature="test_verify_text()[pri:0, instance:Selenium_Basics.Project1@34129c78]" started-at="2025-08-29T00:21:56 IST" name="test_verify_text" finished-at="2025-08-29T00:22:10 IST" duration-ms="14215" status="PASS">
          <reporter-output>
          </reporter-output>
        </test-method> <!-- test_verify_text -->
      </class> <!-- Selenium_Basics.Project1 -->
    </test> <!-- Default test -->
  </suite> <!-- Default suite -->
</testng-results>
